[debug] [2021-09-25T15:23:08.969Z] ----------------------------------------------------------------------
[debug] [2021-09-25T15:23:08.971Z] Command:       C:\Program Files\nodejs\node.exe C:\Users\Navindu\AppData\Roaming\npm\node_modules\firebase-tools\lib\bin\firebase.js login
[debug] [2021-09-25T15:23:08.972Z] CLI Version:   9.18.0
[debug] [2021-09-25T15:23:08.972Z] Platform:      win32
[debug] [2021-09-25T15:23:08.972Z] Node Version:  v16.3.0
[debug] [2021-09-25T15:23:08.973Z] Time:          Sat Sep 25 2021 20:53:08 GMT+0530 (India Standard Time)
[debug] [2021-09-25T15:23:08.973Z] ----------------------------------------------------------------------
[debug] 
[info] i  Firebase optionally collects CLI usage and error reporting information to help improve our products. Data is collected in accordance with Google's privacy policy (https://policies.google.com/privacy) and is not used to identify you.
 
[info] 
[info] Visit this URL on this device to log in:
[info] https://accounts.google.com/o/oauth2/auth?client_id=563584335869-fgrhgmd47bqnekij5i8b5pr03ho849e6.apps.googleusercontent.com&scope=email%20openid%20https%3A%2F%2Fwww.googleapis.com%2Fauth%2Fcloudplatformprojects.readonly%20https%3A%2F%2Fwww.googleapis.com%2Fauth%2Ffirebase%20https%3A%2F%2Fwww.googleapis.com%2Fauth%2Fcloud-platform&response_type=code&state=651279204&redirect_uri=http%3A%2F%2Flocalhost%3A9005
[info] 
[info] Waiting for authentication...
[debug] [2021-09-25T15:23:12.239Z] Error: spawn cmd ENOENT
    at Process.ChildProcess._handle.onexit (node:internal/child_process:282:19)
    at onErrorNT (node:internal/child_process:480:16)
    at processTicksAndRejections (node:internal/process/task_queues:83:21)
[error] 
[error] Error: An unexpected error has occurred.
